<?xml version="1.0" encoding="UTF-8"?>
<!-- Generated by org.testng.reporters.JUnitReportReporter -->
<testsuite hostname="DESKTOP-F3C6V38" failures="0" tests="1" name="lmsActiveUsersDashboardGuestOne" time="304.079" errors="0" timestamp="05 Oct 2021 12:30:36 GMT" skipped="0">
  <testcase classname="lmsActiveUsersDashboardGuestOne" name="testlmsActiveUsersDashboard" time="304.079"/>
</testsuite> <!-- lmsActiveUsersDashboardGuestOne -->
