<?xml version="1.0" encoding="UTF-8"?>
<!-- Generated by org.testng.reporters.JUnitReportReporter -->
<testsuite hostname="DESKTOP-F3C6V38" failures="0" tests="1" name="userGroupSDHead" time="278.598" errors="0" timestamp="04 Oct 2021 13:04:16 GMT" skipped="0">
  <testcase classname="userGroupSDHead" name="testAddUser" time="278.598"/>
</testsuite> <!-- userGroupSDHead -->
