<?xml version="1.0" encoding="UTF-8"?>
<!-- Generated by org.testng.reporters.JUnitReportReporter -->
<testsuite hostname="DESKTOP-F3C6V38" failures="0" tests="1" name="lmsActiveUsersDashboardSDHead" time="293.518" errors="0" timestamp="05 Oct 2021 12:45:13 GMT" skipped="0">
  <testcase classname="lmsActiveUsersDashboardSDHead" name="testlmsActiveUsersDashboard" time="293.518"/>
</testsuite> <!-- lmsActiveUsersDashboardSDHead -->
