<?xml version="1.0" encoding="UTF-8"?>
<!-- Generated by org.testng.reporters.JUnitReportReporter -->
<testsuite hostname="DESKTOP-F3C6V38" failures="0" tests="1" name="addUser" time="169.884" errors="0" timestamp="01 Oct 2021 17:18:31 GMT" skipped="0">
  <testcase classname="addUser" name="testAddUser" time="169.884"/>
</testsuite> <!-- addUser -->
