<?xml version="1.0" encoding="UTF-8"?>
<!-- Generated by org.testng.reporters.JUnitReportReporter -->
<testsuite hostname="DESKTOP-F3C6V38" failures="0" tests="1" name="UserGroup" time="374.064" errors="0" timestamp="04 Oct 2021 09:58:33 GMT" skipped="0">
  <testcase classname="UserGroup" name="testAddUser" time="374.064"/>
</testsuite> <!-- UserGroup -->
