<?xml version="1.0" encoding="UTF-8"?>
<!-- Generated by org.testng.reporters.JUnitReportReporter -->
<testsuite hostname="DESKTOP-F3C6V38" failures="0" tests="1" name="receivedNotifications" time="81.131" errors="0" timestamp="22 Sep 2021 10:13:35 GMT" skipped="0">
  <testcase classname="receivedNotifications" name="testReceiveNotifications" time="81.131"/>
</testsuite> <!-- receivedNotifications -->
