<?xml version="1.0" encoding="UTF-8"?>
<!-- Generated by org.testng.reporters.JUnitReportReporter -->
<testsuite hostname="DESKTOP-F3C6V38" failures="0" tests="1" name="TestClassRoomTraining" time="962.923" errors="0" timestamp="06 Oct 2021 11:26:00 GMT" skipped="0">
  <testcase classname="TestClassRoomTraining" name="ClassTraining" time="962.923"/>
</testsuite> <!-- TestClassRoomTraining -->
