<?xml version="1.0" encoding="UTF-8"?>
<!-- Generated by org.testng.reporters.JUnitReportReporter -->
<testsuite hostname="DESKTOP-F3C6V38" failures="0" tests="1" name="globalInsightsDashboard" time="256.842" errors="0" timestamp="09 Sep 2021 11:05:10 GMT" skipped="0">
  <testcase classname="globalInsightsDashboard" name="testglobalInsightsDashboard" time="256.842"/>
</testsuite> <!-- globalInsightsDashboard -->
