<?xml version="1.0" encoding="UTF-8"?>
<!-- Generated by org.testng.reporters.JUnitReportReporter -->
<testsuite hostname="DESKTOP-F3C6V38" failures="0" tests="1" name="addEditDelLob" time="165.379" errors="0" timestamp="11 Oct 2021 13:29:15 GMT" skipped="0">
  <testcase classname="addEditDelLob" name="testAddEditDelLob" time="165.379"/>
</testsuite> <!-- addEditDelLob -->
