<?xml version="1.0" encoding="UTF-8"?>
<!-- Generated by org.testng.reporters.JUnitReportReporter -->
<testsuite hostname="DESKTOP-F3C6V38" failures="0" tests="1" name="CopyTraining" time="712.494" errors="0" timestamp="04 Oct 2021 06:48:55 GMT" skipped="0">
  <testcase classname="CopyTraining" name="SignIn" time="712.494"/>
</testsuite> <!-- CopyTraining -->
