<?xml version="1.0" encoding="UTF-8"?>
<!-- Generated by org.testng.reporters.JUnitReportReporter -->
<testsuite hostname="DESKTOP-F3C6V38" failures="0" tests="1" name="sendNotifications" time="330.162" errors="0" timestamp="11 Oct 2021 11:50:08 GMT" skipped="0">
  <testcase classname="sendNotifications" name="testSendNotifications" time="330.162"/>
</testsuite> <!-- sendNotifications -->
