<?xml version="1.0" encoding="UTF-8"?>
<!-- Generated by org.testng.reporters.JUnitReportReporter -->
<testsuite hostname="DESKTOP-F3C6V38" failures="0" tests="1" name="AssessmentModule" time="742.757" errors="0" timestamp="10 Oct 2021 09:51:41 GMT" skipped="0">
  <testcase classname="AssessmentModule" name="testAssessment" time="742.757"/>
</testsuite> <!-- AssessmentModule -->
