<?xml version="1.0" encoding="UTF-8"?>
<!-- Generated by org.testng.reporters.JUnitReportReporter -->
<testsuite hostname="DESKTOP-F3C6V38" failures="0" tests="4" name="isonLogin" time="510.242" errors="0" timestamp="28 Sep 2021 07:16:12 GMT" skipped="0">
  <testcase classname="isonLogin" name="testLoginScript" time="126.895"/>
  <testcase classname="isonLogin" name="testLoginScript" time="129.669"/>
  <testcase classname="isonLogin" name="testLoginScript" time="126.992"/>
  <testcase classname="isonLogin" name="testLoginScript" time="126.686"/>
</testsuite> <!-- isonLogin -->
