<?xml version="1.0" encoding="UTF-8"?>
<!-- Generated by org.testng.reporters.JUnitReportReporter -->
<testsuite hostname="DESKTOP-F3C6V38" failures="0" tests="1" name="TrainingModule" time="1110.772" errors="0" timestamp="10 Oct 2021 13:36:12 GMT" skipped="0">
  <testcase classname="TrainingModule" name="TestOnlineTraining" time="1110.772"/>
</testsuite> <!-- TrainingModule -->
