<?xml version="1.0" encoding="UTF-8"?>
<!-- Generated by org.testng.reporters.JUnitReportReporter -->
<testsuite hostname="DESKTOP-F3C6V38" failures="0" tests="1" name="usersSort" time="82.638" errors="0" timestamp="12 Oct 2021 11:21:52 GMT" skipped="0">
  <testcase classname="usersSort" name="testusersSort" time="82.638"/>
</testsuite> <!-- usersSort -->
