<?xml version="1.0" encoding="UTF-8"?>
<!-- Generated by org.testng.reporters.JUnitReportReporter -->
<testsuite skipped="0" hostname="DESKTOP-F3C6V38" name="CopyTrainingRAdmin" tests="1" failures="0" timestamp="12 Oct 2021 11:18:13 GMT" time="570.584" errors="0">
  <testcase name="SignIn" time="570.584" classname="CopyTrainingRAdmin"/>
</testsuite> <!-- CopyTrainingRAdmin -->
