<?xml version="1.0" encoding="UTF-8"?>
<!-- Generated by org.testng.reporters.JUnitReportReporter -->
<testsuite skipped="0" hostname="DESKTOP-F3C6V38" name="lmsQuickAccessDashboardSDHead" tests="1" failures="0" timestamp="12 Oct 2021 11:18:13 GMT" time="72.975" errors="0">
  <testcase name="testlmsQuickAccessDashboard" time="72.975" classname="lmsQuickAccessDashboardSDHead"/>
</testsuite> <!-- lmsQuickAccessDashboardSDHead -->
