<?xml version="1.0" encoding="UTF-8"?>
<!-- Generated by org.testng.reporters.JUnitReportReporter -->
<testsuite skipped="0" hostname="DESKTOP-F3C6V38" name="isonLogin" tests="4" failures="0" timestamp="12 Oct 2021 11:18:13 GMT" time="533.588" errors="0">
  <testcase name="testLoginScript" time="132.928" classname="isonLogin"/>
  <testcase name="testLoginScript" time="128.256" classname="isonLogin"/>
  <testcase name="testLoginScript" time="132.187" classname="isonLogin"/>
  <testcase name="testLoginScript" time="140.217" classname="isonLogin"/>
</testsuite> <!-- isonLogin -->
