<?xml version="1.0" encoding="UTF-8"?>
<!-- Generated by org.testng.reporters.JUnitReportReporter -->
<testsuite skipped="0" hostname="DESKTOP-F3C6V38" name="onlineTrainingsDashboardSiteHead" tests="1" failures="0" timestamp="12 Oct 2021 11:18:14 GMT" time="265.209" errors="0">
  <testcase name="testonlineTrainingsDashboard" time="265.209" classname="onlineTrainingsDashboardSiteHead"/>
</testsuite> <!-- onlineTrainingsDashboardSiteHead -->
