<?xml version="1.0" encoding="UTF-8"?>
<!-- Generated by org.testng.reporters.JUnitReportReporter -->
<testsuite skipped="0" hostname="DESKTOP-F3C6V38" name="importBulkUsersRAdmin" tests="1" failures="0" timestamp="12 Oct 2021 11:18:13 GMT" time="97.831" errors="0">
  <testcase name="testImportBulkusers" time="97.831" classname="importBulkUsersRAdmin"/>
</testsuite> <!-- importBulkUsersRAdmin -->
