<?xml version="1.0" encoding="UTF-8"?>
<!-- Generated by org.testng.reporters.JUnitReportReporter -->
<testsuite skipped="0" hostname="DESKTOP-F3C6V38" name="managePollSurvey" tests="1" failures="0" timestamp="12 Oct 2021 11:18:13 GMT" time="1358.959" errors="0">
  <testcase name="testManagePollSurvey" time="1358.959" classname="managePollSurvey"/>
</testsuite> <!-- managePollSurvey -->
