<?xml version="1.0" encoding="UTF-8"?>
<!-- Generated by org.testng.reporters.JUnitReportReporter -->
<testsuite skipped="0" hostname="DESKTOP-F3C6V38" name="TrainingModuleTrainer" tests="1" failures="0" timestamp="12 Oct 2021 11:18:13 GMT" time="1347.005" errors="0">
  <testcase name="IsonLogin" time="1347.005" classname="TrainingModuleTrainer"/>
</testsuite> <!-- TrainingModuleTrainer -->
