<?xml version="1.0" encoding="UTF-8"?>
<!-- Generated by org.testng.reporters.JUnitReportReporter -->
<testsuite skipped="0" hostname="DESKTOP-F3C6V38" name="Certificate" tests="1" failures="0" timestamp="12 Oct 2021 11:18:14 GMT" time="48.912" errors="0">
  <testcase name="GetCertificate" time="48.912" classname="Certificate"/>
</testsuite> <!-- Certificate -->
